Build started 02/05/2014 18:25:26.
     1>Project "D:\RK_Engine\RK_Engine\RK_Engine.vcxproj" on node 2 (Rebuild target(s)).
     1>ClCompile:
         C:\Program Files (x86)\Microsoft Visual Studio 12.0\VC\bin\CL.exe /c /ZI /nologo /W3 /WX- /sdl /Od /Oy- /D WIN32 /D _DEBUG /D _CONSOLE /D _LIB /D _UNICODE /D UNICODE /Gm /EHsc /RTC1 /MDd /GS /fp:precise /Zc:wchar_t /Zc:forScope /Fo"Debug\\" /Fd"Debug\vc120.pdb" /Gd /TP /analyze- /errorReport:prompt BTask.cpp BThread.cpp DefaultTask.cpp DefaultThread.cpp PoolThread.cpp RK_Engine.cpp TaskStack.cpp
         TaskStack.cpp
         RK_Engine.cpp
         PoolThread.cpp
         DefaultThread.cpp
         DefaultTask.cpp
         BThread.cpp
         BTask.cpp
         Generating Code...
       Link:
         C:\Program Files (x86)\Microsoft Visual Studio 12.0\VC\bin\link.exe /ERRORREPORT:PROMPT /OUT:"D:\RK_Engine\Debug\RK_Engine.exe" /INCREMENTAL /NOLOGO kernel32.lib user32.lib gdi32.lib winspool.lib comdlg32.lib advapi32.lib shell32.lib ole32.lib oleaut32.lib uuid.lib odbc32.lib odbccp32.lib /MANIFEST /MANIFESTUAC:"level='asInvoker' uiAccess='false'" /manifest:embed /DEBUG /PDB:"D:\RK_Engine\Debug\RK_Engine.pdb" /SUBSYSTEM:CONSOLE /TLBID:1 /DYNAMICBASE /NXCOMPAT /IMPLIB:"D:\RK_Engine\Debug\RK_Engine.lib" /MACHINE:X86 Debug\BTask.obj
         Debug\BThread.obj
         Debug\DefaultTask.obj
         Debug\DefaultThread.obj
         Debug\PoolThread.obj
         Debug\RK_Engine.obj
         Debug\TaskStack.obj
         RK_Engine.vcxproj -> D:\RK_Engine\Debug\RK_Engine.exe
     1>Done Building Project "D:\RK_Engine\RK_Engine\RK_Engine.vcxproj" (Rebuild target(s)).

Build succeeded.

Time Elapsed 00:00:01.32
